2025-04-30T15:51:42.364+09:00  INFO 4640 --- [MySpringBootApp] [restartedMain] c.b.m.MySpringBootAppApplication         : Starting MySpringBootAppApplication using Java 17.0.2 with PID 4640 (C:\mybackend\MySpringBootApp\target\classes started by user in C:\mybackend\MySpringBootApp)
2025-04-30T15:51:42.364+09:00  INFO 4640 --- [MySpringBootApp] [restartedMain] c.b.m.MySpringBootAppApplication         : The following 1 profile is active: "test"
2025-04-30T15:51:42.988+09:00  INFO 4640 --- [MySpringBootApp] [restartedMain] .s.d.r.c.RepositoryConfigurationDelegate : Bootstrapping Spring Data JPA repositories in DEFAULT mode.
2025-04-30T15:51:42.994+09:00  INFO 4640 --- [MySpringBootApp] [restartedMain] .s.d.r.c.RepositoryConfigurationDelegate : Finished Spring Data repository scanning in 3 ms. Found 0 JPA repository interfaces.
2025-04-30T15:51:43.286+09:00  INFO 4640 --- [MySpringBootApp] [restartedMain] o.s.b.w.embedded.tomcat.TomcatWebServer  : Tomcat initialized with port 8080 (http)
2025-04-30T15:51:43.288+09:00  INFO 4640 --- [MySpringBootApp] [restartedMain] o.apache.catalina.core.StandardService   : Starting service [Tomcat]
2025-04-30T15:51:43.289+09:00  INFO 4640 --- [MySpringBootApp] [restartedMain] o.apache.catalina.core.StandardEngine    : Starting Servlet engine: [Apache Tomcat/10.1.40]
2025-04-30T15:51:43.319+09:00  INFO 4640 --- [MySpringBootApp] [restartedMain] o.a.c.c.C.[Tomcat].[localhost].[/]       : Initializing Spring embedded WebApplicationContext
2025-04-30T15:51:43.320+09:00  INFO 4640 --- [MySpringBootApp] [restartedMain] w.s.c.ServletWebServerApplicationContext : Root WebApplicationContext: initialization completed in 952 ms
2025-04-30T15:51:43.592+09:00  INFO 4640 --- [MySpringBootApp] [restartedMain] com.zaxxer.hikari.HikariDataSource       : HikariPool-3 - Starting...
2025-04-30T15:51:43.606+09:00  INFO 4640 --- [MySpringBootApp] [restartedMain] com.zaxxer.hikari.pool.HikariPool        : HikariPool-3 - Added connection conn20: url=jdbc:h2:mem:81d14908-154e-4a5e-a024-9489bdba2bc2 user=SA
2025-04-30T15:51:43.607+09:00  INFO 4640 --- [MySpringBootApp] [restartedMain] com.zaxxer.hikari.HikariDataSource       : HikariPool-3 - Start completed.
2025-04-30T15:51:43.610+09:00  INFO 4640 --- [MySpringBootApp] [restartedMain] o.hibernate.jpa.internal.util.LogHelper  : HHH000204: Processing PersistenceUnitInfo [name: default]
2025-04-30T15:51:43.615+09:00  INFO 4640 --- [MySpringBootApp] [restartedMain] o.h.c.internal.RegionFactoryInitiator    : HHH000026: Second-level cache disabled
2025-04-30T15:51:43.630+09:00  INFO 4640 --- [MySpringBootApp] [restartedMain] o.s.o.j.p.SpringPersistenceUnitInfo      : No LoadTimeWeaver setup: ignoring JPA class transformer
2025-04-30T15:51:43.631+09:00  INFO 4640 --- [MySpringBootApp] [restartedMain] org.hibernate.orm.connections.pooling    : HHH10001005: Database info:
	Database JDBC URL [Connecting through datasource 'HikariDataSource (HikariPool-3)']
	Database driver: undefined/unknown
	Database version: 2.3.232
	Autocommit mode: undefined/unknown
	Isolation level: undefined/unknown
	Minimum pool size: undefined/unknown
	Maximum pool size: undefined/unknown
2025-04-30T15:51:43.665+09:00  INFO 4640 --- [MySpringBootApp] [restartedMain] o.h.e.t.j.p.i.JtaPlatformInitiator       : HHH000489: No JTA platform available (set 'hibernate.transaction.jta.platform' to enable JTA platform integration)
2025-04-30T15:51:43.666+09:00  INFO 4640 --- [MySpringBootApp] [restartedMain] j.LocalContainerEntityManagerFactoryBean : Initialized JPA EntityManagerFactory for persistence unit 'default'
2025-04-30T15:51:43.765+09:00  WARN 4640 --- [MySpringBootApp] [restartedMain] JpaBaseConfiguration$JpaWebConfiguration : spring.jpa.open-in-view is enabled by default. Therefore, database queries may be performed during view rendering. Explicitly configure spring.jpa.open-in-view to disable this warning
2025-04-30T15:51:44.058+09:00  WARN 4640 --- [MySpringBootApp] [restartedMain] ion$DefaultTemplateResolverConfiguration : Cannot find template location: classpath:/templates/ (please add some templates, check your Thymeleaf configuration, or set spring.thymeleaf.check-template-location=false)
2025-04-30T15:51:44.291+09:00  INFO 4640 --- [MySpringBootApp] [restartedMain] o.s.b.a.h2.H2ConsoleAutoConfiguration    : H2 console available at '/h2-console'. Database available at 'jdbc:h2:mem:81d14908-154e-4a5e-a024-9489bdba2bc2'
2025-04-30T15:51:44.326+09:00  INFO 4640 --- [MySpringBootApp] [restartedMain] o.s.b.d.a.OptionalLiveReloadServer       : LiveReload server is running on port 35729
2025-04-30T15:51:44.332+09:00  INFO 4640 --- [MySpringBootApp] [restartedMain] o.s.b.a.e.web.EndpointLinksResolver      : Exposing 1 endpoint beneath base path '/actuator'
2025-04-30T15:51:44.361+09:00  INFO 4640 --- [MySpringBootApp] [restartedMain] o.s.b.w.embedded.tomcat.TomcatWebServer  : Tomcat started on port 8080 (http) with context path '/'
2025-04-30T15:51:44.377+09:00  INFO 4640 --- [MySpringBootApp] [restartedMain] c.b.m.MySpringBootAppApplication         : Started MySpringBootAppApplication in 2.151 seconds (process running for 754.864)
2025-04-30T15:51:44.386+09:00  INFO 4640 --- [MySpringBootApp] [restartedMain] .ConditionEvaluationDeltaLoggingListener : Condition evaluation unchanged
2025-04-30T15:52:25.814+09:00  INFO 4640 --- [MySpringBootApp] [File Watcher] rtingClassPathChangeChangedEventListener : Restarting due to 1 class path change (0 additions, 0 deletions, 1 modification)
2025-04-30T15:52:25.817+09:00  INFO 4640 --- [MySpringBootApp] [Thread-12] o.s.b.w.e.tomcat.GracefulShutdown        : Commencing graceful shutdown. Waiting for active requests to complete
2025-04-30T15:52:26.083+09:00  INFO 4640 --- [MySpringBootApp] [tomcat-shutdown] o.s.b.w.e.tomcat.GracefulShutdown        : Graceful shutdown complete
2025-04-30T15:52:26.087+09:00  INFO 4640 --- [MySpringBootApp] [Thread-12] j.LocalContainerEntityManagerFactoryBean : Closing JPA EntityManagerFactory for persistence unit 'default'
2025-04-30T15:52:26.088+09:00  WARN 4640 --- [MySpringBootApp] [Thread-12] o.s.b.f.support.DisposableBeanAdapter    : Invocation of destroy method failed on bean with name 'inMemoryDatabaseShutdownExecutor': org.h2.jdbc.JdbcSQLNonTransientConnectionException: Database is already closed (to disable automatic closing at VM shutdown, add ";DB_CLOSE_ON_EXIT=FALSE" to the db URL) [90121-232]
2025-04-30T15:52:26.089+09:00  INFO 4640 --- [MySpringBootApp] [Thread-12] com.zaxxer.hikari.HikariDataSource       : HikariPool-3 - Shutdown initiated...
2025-04-30T15:52:26.090+09:00  INFO 4640 --- [MySpringBootApp] [Thread-12] com.zaxxer.hikari.HikariDataSource       : HikariPool-3 - Shutdown completed.
2025-04-30T15:52:26.205+09:00  INFO 4640 --- [MySpringBootApp] [restartedMain] c.b.m.MySpringBootAppApplication         : Starting MySpringBootAppApplication using Java 17.0.2 with PID 4640 (C:\mybackend\MySpringBootApp\target\classes started by user in C:\mybackend\MySpringBootApp)
2025-04-30T15:52:26.206+09:00  INFO 4640 --- [MySpringBootApp] [restartedMain] c.b.m.MySpringBootAppApplication         : The following 1 profile is active: "test"
2025-04-30T15:52:26.788+09:00  INFO 4640 --- [MySpringBootApp] [restartedMain] .s.d.r.c.RepositoryConfigurationDelegate : Bootstrapping Spring Data JPA repositories in DEFAULT mode.
2025-04-30T15:52:26.795+09:00  INFO 4640 --- [MySpringBootApp] [restartedMain] .s.d.r.c.RepositoryConfigurationDelegate : Finished Spring Data repository scanning in 5 ms. Found 0 JPA repository interfaces.
2025-04-30T15:52:27.095+09:00  INFO 4640 --- [MySpringBootApp] [restartedMain] o.s.b.w.embedded.tomcat.TomcatWebServer  : Tomcat initialized with port 8080 (http)
2025-04-30T15:52:27.097+09:00  INFO 4640 --- [MySpringBootApp] [restartedMain] o.apache.catalina.core.StandardService   : Starting service [Tomcat]
2025-04-30T15:52:27.097+09:00  INFO 4640 --- [MySpringBootApp] [restartedMain] o.apache.catalina.core.StandardEngine    : Starting Servlet engine: [Apache Tomcat/10.1.40]
2025-04-30T15:52:27.127+09:00  INFO 4640 --- [MySpringBootApp] [restartedMain] o.a.c.c.C.[Tomcat].[localhost].[/]       : Initializing Spring embedded WebApplicationContext
2025-04-30T15:52:27.128+09:00  INFO 4640 --- [MySpringBootApp] [restartedMain] w.s.c.ServletWebServerApplicationContext : Root WebApplicationContext: initialization completed in 920 ms
2025-04-30T15:52:27.375+09:00  INFO 4640 --- [MySpringBootApp] [restartedMain] com.zaxxer.hikari.HikariDataSource       : HikariPool-4 - Starting...
2025-04-30T15:52:27.381+09:00  INFO 4640 --- [MySpringBootApp] [restartedMain] com.zaxxer.hikari.pool.HikariPool        : HikariPool-4 - Added connection conn30: url=jdbc:h2:mem:355c85d0-aa3b-4a89-bf5d-3e6813f2a560 user=SA
2025-04-30T15:52:27.381+09:00  INFO 4640 --- [MySpringBootApp] [restartedMain] com.zaxxer.hikari.HikariDataSource       : HikariPool-4 - Start completed.
2025-04-30T15:52:27.384+09:00  INFO 4640 --- [MySpringBootApp] [restartedMain] o.hibernate.jpa.internal.util.LogHelper  : HHH000204: Processing PersistenceUnitInfo [name: default]
2025-04-30T15:52:27.393+09:00  INFO 4640 --- [MySpringBootApp] [restartedMain] o.h.c.internal.RegionFactoryInitiator    : HHH000026: Second-level cache disabled
2025-04-30T15:52:27.406+09:00  INFO 4640 --- [MySpringBootApp] [restartedMain] o.s.o.j.p.SpringPersistenceUnitInfo      : No LoadTimeWeaver setup: ignoring JPA class transformer
2025-04-30T15:52:27.411+09:00  INFO 4640 --- [MySpringBootApp] [restartedMain] org.hibernate.orm.connections.pooling    : HHH10001005: Database info:
	Database JDBC URL [Connecting through datasource 'HikariDataSource (HikariPool-4)']
	Database driver: undefined/unknown
	Database version: 2.3.232
	Autocommit mode: undefined/unknown
	Isolation level: undefined/unknown
	Minimum pool size: undefined/unknown
	Maximum pool size: undefined/unknown
2025-04-30T15:52:27.441+09:00  INFO 4640 --- [MySpringBootApp] [restartedMain] o.h.e.t.j.p.i.JtaPlatformInitiator       : HHH000489: No JTA platform available (set 'hibernate.transaction.jta.platform' to enable JTA platform integration)
2025-04-30T15:52:27.441+09:00  INFO 4640 --- [MySpringBootApp] [restartedMain] j.LocalContainerEntityManagerFactoryBean : Initialized JPA EntityManagerFactory for persistence unit 'default'
2025-04-30T15:52:27.535+09:00  WARN 4640 --- [MySpringBootApp] [restartedMain] JpaBaseConfiguration$JpaWebConfiguration : spring.jpa.open-in-view is enabled by default. Therefore, database queries may be performed during view rendering. Explicitly configure spring.jpa.open-in-view to disable this warning
2025-04-30T15:52:27.869+09:00  WARN 4640 --- [MySpringBootApp] [restartedMain] ion$DefaultTemplateResolverConfiguration : Cannot find template location: classpath:/templates/ (please add some templates, check your Thymeleaf configuration, or set spring.thymeleaf.check-template-location=false)
2025-04-30T15:52:28.116+09:00  INFO 4640 --- [MySpringBootApp] [restartedMain] o.s.b.a.h2.H2ConsoleAutoConfiguration    : H2 console available at '/h2-console'. Database available at 'jdbc:h2:mem:355c85d0-aa3b-4a89-bf5d-3e6813f2a560'
2025-04-30T15:52:28.147+09:00  INFO 4640 --- [MySpringBootApp] [restartedMain] o.s.b.d.a.OptionalLiveReloadServer       : LiveReload server is running on port 35729
2025-04-30T15:52:28.153+09:00  INFO 4640 --- [MySpringBootApp] [restartedMain] o.s.b.a.e.web.EndpointLinksResolver      : Exposing 1 endpoint beneath base path '/actuator'
2025-04-30T15:52:28.188+09:00  INFO 4640 --- [MySpringBootApp] [restartedMain] o.s.b.w.embedded.tomcat.TomcatWebServer  : Tomcat started on port 8080 (http) with context path '/'
2025-04-30T15:52:28.199+09:00  INFO 4640 --- [MySpringBootApp] [restartedMain] c.b.m.MySpringBootAppApplication         : Started MySpringBootAppApplication in 2.043 seconds (process running for 798.685)
2025-04-30T15:52:28.209+09:00  INFO 4640 --- [MySpringBootApp] [restartedMain] .ConditionEvaluationDeltaLoggingListener : Condition evaluation unchanged
